<?xml version="1.0" encoding="UTF-8"?>
<testsuite xmlns:xsi="http://www.w3.org/2001/XMLSchema-instance" xsi:noNamespaceSchemaLocation="https://maven.apache.org/surefire/maven-surefire-plugin/xsd/surefire-test-report-3.0.xsd" version="3.0" name="CalculatorTest" time="0.523" tests="4" errors="0" skipped="0" failures="0">
  <properties>
    <property name="sun.desktop" value="gnome"/>
    <property name="awt.toolkit" value="sun.awt.X11.XToolkit"/>
    <property name="java.specification.version" value="11"/>
    <property name="sun.cpu.isalist" value=""/>
    <property name="sun.jnu.encoding" value="UTF-8"/>
    <property name="java.class.path" value="/home/akshathkaushal/eclipse-workspace/spe.miniproject/target/test-classes:/home/akshathkaushal/eclipse-workspace/spe.miniproject/target/classes:/home/akshathkaushal/.m2/repository/junit/junit/4.13.2/junit-4.13.2.jar:/home/akshathkaushal/.m2/repository/org/hamcrest/hamcrest-core/1.3/hamcrest-core-1.3.jar:/home/akshathkaushal/.m2/repository/org/testng/testng/7.5/testng-7.5.jar:/home/akshathkaushal/.m2/repository/com/google/code/findbugs/jsr305/3.0.1/jsr305-3.0.1.jar:/home/akshathkaushal/.m2/repository/com/beust/jcommander/1.78/jcommander-1.78.jar:/home/akshathkaushal/.m2/repository/org/webjars/jquery/3.5.1/jquery-3.5.1.jar:/home/akshathkaushal/.m2/repository/org/apache/logging/log4j/log4j-core/2.17.2/log4j-core-2.17.2.jar:/home/akshathkaushal/.m2/repository/org/apache/logging/log4j/log4j-api/2.17.2/log4j-api-2.17.2.jar:/home/akshathkaushal/.m2/repository/org/slf4j/slf4j-api/2.0.0-alpha7/slf4j-api-2.0.0-alpha7.jar:/home/akshathkaushal/.m2/repository/org/slf4j/slf4j-simple/2.0.0-alpha7/slf4j-simple-2.0.0-alpha7.jar:"/>
    <property name="java.vm.vendor" value="Ubuntu"/>
    <property name="sun.arch.data.model" value="64"/>
    <property name="java.vendor.url" value="https://ubuntu.com/"/>
    <property name="user.timezone" value="Asia/Kolkata"/>
    <property name="java.vm.specification.version" value="11"/>
    <property name="os.name" value="Linux"/>
    <property name="sun.java.launcher" value="SUN_STANDARD"/>
    <property name="user.country" value="IN"/>
    <property name="sun.boot.library.path" value="/usr/lib/jvm/java-11-openjdk-amd64/lib"/>
    <property name="sun.java.command" value="/home/akshathkaushal/eclipse-workspace/spe.miniproject/target/surefire/surefirebooter4614727512931656655.jar /home/akshathkaushal/eclipse-workspace/spe.miniproject/target/surefire 2022-04-16T17-17-24_087-jvmRun1 surefire9078778424799799878tmp surefire_05214798128501229140tmp"/>
    <property name="jdk.debug" value="release"/>
    <property name="surefire.test.class.path" value="/home/akshathkaushal/eclipse-workspace/spe.miniproject/target/test-classes:/home/akshathkaushal/eclipse-workspace/spe.miniproject/target/classes:/home/akshathkaushal/.m2/repository/junit/junit/4.13.2/junit-4.13.2.jar:/home/akshathkaushal/.m2/repository/org/hamcrest/hamcrest-core/1.3/hamcrest-core-1.3.jar:/home/akshathkaushal/.m2/repository/org/testng/testng/7.5/testng-7.5.jar:/home/akshathkaushal/.m2/repository/com/google/code/findbugs/jsr305/3.0.1/jsr305-3.0.1.jar:/home/akshathkaushal/.m2/repository/com/beust/jcommander/1.78/jcommander-1.78.jar:/home/akshathkaushal/.m2/repository/org/webjars/jquery/3.5.1/jquery-3.5.1.jar:/home/akshathkaushal/.m2/repository/org/apache/logging/log4j/log4j-core/2.17.2/log4j-core-2.17.2.jar:/home/akshathkaushal/.m2/repository/org/apache/logging/log4j/log4j-api/2.17.2/log4j-api-2.17.2.jar:/home/akshathkaushal/.m2/repository/org/slf4j/slf4j-api/2.0.0-alpha7/slf4j-api-2.0.0-alpha7.jar:/home/akshathkaushal/.m2/repository/org/slf4j/slf4j-simple/2.0.0-alpha7/slf4j-simple-2.0.0-alpha7.jar:"/>
    <property name="sun.cpu.endian" value="little"/>
    <property name="user.home" value="/home/akshathkaushal"/>
    <property name="user.language" value="en"/>
    <property name="java.specification.vendor" value="Oracle Corporation"/>
    <property name="java.version.date" value="2022-02-08"/>
    <property name="java.home" value="/usr/lib/jvm/java-11-openjdk-amd64"/>
    <property name="file.separator" value="/"/>
    <property name="basedir" value="/home/akshathkaushal/eclipse-workspace/spe.miniproject"/>
    <property name="java.vm.compressedOopsMode" value="Zero based"/>
    <property name="line.separator" value="&#10;"/>
    <property name="java.specification.name" value="Java Platform API Specification"/>
    <property name="java.vm.specification.vendor" value="Oracle Corporation"/>
    <property name="java.awt.graphicsenv" value="sun.awt.X11GraphicsEnvironment"/>
    <property name="surefire.real.class.path" value="/home/akshathkaushal/eclipse-workspace/spe.miniproject/target/surefire/surefirebooter4614727512931656655.jar"/>
    <property name="sun.management.compiler" value="HotSpot 64-Bit Tiered Compilers"/>
    <property name="java.runtime.version" value="11.0.14.1+1-Ubuntu-0ubuntu1.20.04"/>
    <property name="user.name" value="akshathkaushal"/>
    <property name="path.separator" value=":"/>
    <property name="os.version" value="5.14.0-1032-oem"/>
    <property name="java.runtime.name" value="OpenJDK Runtime Environment"/>
    <property name="file.encoding" value="UTF-8"/>
    <property name="java.vm.name" value="OpenJDK 64-Bit Server VM"/>
    <property name="localRepository" value="/home/akshathkaushal/.m2/repository"/>
    <property name="java.vendor.url.bug" value="https://bugs.launchpad.net/ubuntu/+source/openjdk-lts"/>
    <property name="java.io.tmpdir" value="/tmp"/>
    <property name="java.version" value="11.0.14.1"/>
    <property name="user.dir" value="/home/akshathkaushal/eclipse-workspace/spe.miniproject"/>
    <property name="os.arch" value="amd64"/>
    <property name="java.vm.specification.name" value="Java Virtual Machine Specification"/>
    <property name="java.awt.printerjob" value="sun.print.PSPrinterJob"/>
    <property name="sun.os.patch.level" value="unknown"/>
    <property name="java.library.path" value="/usr/java/packages/lib:/usr/lib/x86_64-linux-gnu/jni:/lib/x86_64-linux-gnu:/usr/lib/x86_64-linux-gnu:/usr/lib/jni:/lib:/usr/lib"/>
    <property name="java.vm.info" value="mixed mode, sharing"/>
    <property name="java.vendor" value="Ubuntu"/>
    <property name="java.vm.version" value="11.0.14.1+1-Ubuntu-0ubuntu1.20.04"/>
    <property name="sun.io.unicode.encoding" value="UnicodeLittle"/>
    <property name="java.class.version" value="55.0"/>
  </properties>
  <testcase name="squareRootTest on squareRootTest(CalculatorTest)" classname="CalculatorTest" time="0.314"/>
  <testcase name="factorialTest on factorialTest(CalculatorTest)" classname="CalculatorTest" time="0"/>
  <testcase name="powerTest on powerTest(CalculatorTest)" classname="CalculatorTest" time="0"/>
  <testcase name="naturalLogTest on naturalLogTest(CalculatorTest)" classname="CalculatorTest" time="0"/>
</testsuite>