<?xml version="1.0" encoding="UTF-8"?>
<!-- Generated by org.testng.reporters.JUnitReportReporter -->
<testsuite hostname="akshathkaushal-Latitude-5420" failures="0" tests="4" name="CalculatorTest" time="1.532" errors="0" timestamp="2022-04-12T22:46:26 IST" skipped="0">
  <testcase classname="CalculatorTest" name="powerTest" time="0.383"/>
  <system-out/>
  <testcase classname="CalculatorTest" name="squareRootTest" time="0.383"/>
  <system-out/>
  <testcase classname="CalculatorTest" name="factorialTest" time="0.382"/>
  <system-out/>
  <testcase classname="CalculatorTest" name="naturalLogTest" time="0.384"/>
  <system-out/>
</testsuite> <!-- CalculatorTest -->
